<?xml version="1.0" encoding="UTF-8"?>
<testsuite name="blog_application.AppTest" tests="1" skipped="0" failures="0" errors="0" timestamp="2019-05-23T06:18:11" hostname="Niranjans-MacBook-Pro.local" time="0.001">
  <properties/>
  <testcase name="testAppHasAGreeting" classname="blog_application.AppTest" time="0.001"/>
  <system-out><![CDATA[]]></system-out>
  <system-err><![CDATA[]]></system-err>
</testsuite>
